<?xml version="1.0" encoding="utf-8"?>
<modules>
    <duration>0.63530 ms</duration>
    <module>
        <name>cDataLib</name>
        <failures>23</failures>
        <skipped>1</skipped>
        <tests>50</tests>
        <timestamp>2020-06-25 02:19:24</timestamp>
        <describe>
            <name>cSpec functions</name>
            <it>
                <name>succeeds `assert_that`</name>
                <status>passing</status>
            </it>
            <it>
                <name>fails `assert_that`</name>
                <status>failing</status>
                <failure>
                    <position>simple.spec.c:15:</position>
                    <error>|> `1 isnot 1` should be true</error>
                </failure>
            </it>
            <it>
                <name>succeeds `nassert_that`</name>
                <status>passing</status>
            </it>
            <it>
                <name>fails `nassert_that`</name>
                <status>failing</status>
                <failure>
                    <position>simple.spec.c:22:</position>
                    <error>|> `2 is 2` should be false</error>
                </failure>
            </it>
            <it>
                <name>succeeds `assert_that_int`</name>
                <status>passing</status>
            </it>
            <it>
                <name>fails `assert_that_int`</name>
                <status>failing</status>
                <failure>
                    <position>simple.spec.c:29:</position>
                    <error>|> `3` expected but got `2</error>
                </failure>
            </it>
            <it>
                <name>succeeds `nassert_that_int`</name>
                <status>passing</status>
            </it>
            <it>
                <name>fails `nassert_that_int`</name>
                <status>failing</status>
                <failure>
                    <position>simple.spec.c:36:</position>
                    <error>|> `4` expected but got `4</error>
                </failure>
            </it>
            <it>
                <name>succeeds `assert_that_double`</name>
                <status>passing</status>
            </it>
            <it>
                <name>fails `assert_that_double`</name>
                <status>failing</status>
                <failure>
                    <position>simple.spec.c:43:</position>
                    <error>|> `4.2` expected but got `3.2</error>
                </failure>
            </it>
            <xit>
                <name>SKIP THAT TEST</name>
                <status>skipped</status>
            </xit>
            <it>
                <name>succeeds `nassert_that_double`</name>
                <status>passing</status>
            </it>
            <it>
                <name>fails `nassert_that_double`</name>
                <status>failing</status>
                <failure>
                    <position>simple.spec.c:54:</position>
                    <error>|> `6.6` expected but got `6.6</error>
                </failure>
            </it>
            <it>
                <name>succeeds `assert_that_charptr`</name>
                <status>passing</status>
            </it>
            <it>
                <name>fails `assert_that_charptr`</name>
                <status>failing</status>
                <failure>
                    <position>simple.spec.c:61:</position>
                    <error>|> `nottestme` expected but got `testme</error>
                </failure>
            </it>
            <it>
                <name>succeeds `nassert_that_charptr`</name>
                <status>passing</status>
            </it>
            <it>
                <name>fails `nassert_that_charptr`</name>
                <status>failing</status>
                <failure>
                    <position>simple.spec.c:68:</position>
                    <error>|> `ok str` expected but got `ok str</error>
                </failure>
            </it>
        </describe>
    </module>
    <module>
        <name>second</name>
        <failures>23</failures>
        <skipped>1</skipped>
        <tests>50</tests>
        <timestamp>2020-06-25 02:19:24</timestamp>
        <describe>
            <name>DESC 1</name>
            <it>
                <name>before on desc 1</name>
                <status>passing</status>
            </it>
            <it>
                <name>does on 1</name>
                <status>passing</status>
            </it>
        </describe>
        <describe>
            <name>DESC 2</name>
            <it>
                <name>does on 2</name>
                <status>passing</status>
            </it>
        </describe>
        <describe>
            <name>DESC 3</name>
            <it>
                <name>does on 3</name>
                <status>passing</status>
            </it>
        </describe>
        <describe>
            <name>Array Assertions</name>
            <it>
                <name>succeeds `assert_that_int_array`</name>
                <status>passing</status>
            </it>
            <it>
                <name>fails `assert_that_int_array`</name>
                <status>failing</status>
                <failure>
                    <position>simple.spec.c:117:</position>
                    <error>|> `[7, 7, 7, 7, 7]` expected but got `[1, 2, 3, 4, 5]</error>
                </failure>
                <failure>
                    <position>simple.spec.c:118:</position>
                    <error>|> `[1, 2, 3, 4, 1]` expected but got `[7, 7, 7, 7, 7]</error>
                </failure>
            </it>
            <it>
                <name>succeeds `nassert_that_int_array`</name>
                <status>passing</status>
            </it>
            <it>
                <name>fails `nassert_that_int_array`</name>
                <status>failing</status>
                <failure>
                    <position>simple.spec.c:126:</position>
                    <error>|> `[7, 7, 7, 7, 7]` expected but got `[7, 7, 7, 7, 7]</error>
                </failure>
            </it>
            <it>
                <name>succeeds `assert_that_double_array`</name>
                <status>passing</status>
            </it>
            <it>
                <name>fails `assert_that_double_array`</name>
                <status>failing</status>
                <failure>
                    <position>simple.spec.c:134:</position>
                    <error>|> `[7.7, 7.7, 7.7, 7.7, 7.7]` expected but got `[1.1, 2.2, 3.3, 4.4, 5.5]</error>
                </failure>
                <failure>
                    <position>simple.spec.c:135:</position>
                    <error>|> `[1.1, 2.2, 3.3, 4.4, 1.1]` expected but got `[7.7, 7.7, 7.7, 7.7, 7.7]</error>
                </failure>
            </it>
            <it>
                <name>succeeds `nassert_that_double_array`</name>
                <status>passing</status>
            </it>
            <it>
                <name>fails `nassert_that_double_array`</name>
                <status>failing</status>
                <failure>
                    <position>simple.spec.c:143:</position>
                    <error>|> `[7.7, 7.7, 7.7, 7.7, 7.7]` expected but got `[7.7, 7.7, 7.7, 7.7, 7.7]</error>
                </failure>
            </it>
            <it>
                <name>succeeds `assert_that_charptr_array`</name>
                <status>passing</status>
            </it>
            <it>
                <name>fails `assert_that_charptr_array`</name>
                <status>failing</status>
                <failure>
                    <position>simple.spec.c:151:</position>
                    <error>|> `[g, g, g, g, g]` expected but got `[a, b, c, d, e]</error>
                </failure>
                <failure>
                    <position>simple.spec.c:152:</position>
                    <error>|> `[a, b, c, d, ]` expected but got `[g, g, g, g, g]</error>
                </failure>
            </it>
            <it>
                <name>succeeds `nassert_that_charptr_array`</name>
                <status>failing</status>
                <failure>
                    <position>simple.spec.c:157:</position>
                    <error>|> `[a, b, c, d, e]` expected but got `[a, b, c, d, e]</error>
                </failure>
            </it>
            <it>
                <name>fails `nassert_that_charptr_array`</name>
                <status>failing</status>
                <failure>
                    <position>simple.spec.c:161:</position>
                    <error>|> `[g, g, g, g, g]` expected but got `[g, g, g, g, g]</error>
                </failure>
            </it>
        </describe>
    </module>
    <module>
        <name>another_third</name>
        <failures>23</failures>
        <skipped>1</skipped>
        <tests>50</tests>
        <timestamp>2020-06-25 02:19:24</timestamp>
        <describe>
            <name>Generic type assertions</name>
            <context>
                <name>when using generic asserts</name>
                <it>
                    <name>succeeds generic int assertion</name>
                    <status>passing</status>
                </it>
                <it>
                    <name>fails generic int assertion</name>
                    <status>failing</status>
                    <failure>
                        <position>simple.spec.c:173:</position>
                        <error>|> `3` expected but got `2</error>
                    </failure>
                </it>
                <it>
                    <name>succeeds generic int nassertion</name>
                    <status>passing</status>
                </it>
                <it>
                    <name>fails generic int nassertion</name>
                    <status>failing</status>
                    <failure>
                        <position>simple.spec.c:180:</position>
                        <error>|> `4` expected but got `4</error>
                    </failure>
                </it>
                <it>
                    <name>succeeds generic double assertion</name>
                    <status>passing</status>
                </it>
                <it>
                    <name>fails generic double assertion</name>
                    <status>failing</status>
                    <failure>
                        <position>simple.spec.c:187:</position>
                        <error>|> `4.2` expected but got `3.2</error>
                    </failure>
                </it>
                <it>
                    <name>succeeds generic double nassertion</name>
                    <status>passing</status>
                </it>
                <it>
                    <name>fails generic double nassertion</name>
                    <status>failing</status>
                    <failure>
                        <position>simple.spec.c:194:</position>
                        <error>|> `6.6` expected but got `6.6</error>
                    </failure>
                </it>
                <it>
                    <name>fails generic int with double assertion</name>
                    <status>failing</status>
                    <failure>
                        <position>simple.spec.c:198:</position>
                        <error>|> `2.2` expected but got `2</error>
                    </failure>
                </it>
                <it>
                    <name>fails generic double with int assertion</name>
                    <status>failing</status>
                    <failure>
                        <position>simple.spec.c:201:</position>
                        <error>|> `3` expected but got `3.3</error>
                    </failure>
                </it>
                <it>
                    <name>succeeds generic int with double nassertion</name>
                    <status>passing</status>
                </it>
                <it>
                    <name>succeeds generic double with int nassertion</name>
                    <status>passing</status>
                </it>
                <it>
                    <name>succeeds generic string assertion</name>
                    <status>passing</status>
                </it>
                <it>
                    <name>fails generic string assertion</name>
                    <status>failing</status>
                    <failure>
                        <position>simple.spec.c:215:</position>
                        <error>|> `nottestme` expected but got `testme</error>
                    </failure>
                </it>
                <it>
                    <name>succeeds generic string nassertion</name>
                    <status>passing</status>
                </it>
                <it>
                    <name>fails generic string nassertion</name>
                    <status>failing</status>
                    <failure>
                        <position>simple.spec.c:222:</position>
                        <error>|> `ok str` expected but got `ok str</error>
                    </failure>
                </it>
            </context>
            <context>
                <name>when we are finished</name>
                <it>
                    <name>does nothing</name>
                    <status>passing</status>
                </it>
            </context>
        </describe>
    </module>
</modules>
